Start testing: May 31 18:55 MSK
----------------------------------------------------------
Unable to find executable: /home/pavel/PNuikin/workspace/projects/lab07/_builds/check
1/1 Testing: check
1/1 Test: check
Command: ""
Directory: /home/pavel/PNuikin/workspace/projects/lab07/_builds
"check" start time: 
Output:
----------------------------------------------------------
<end of output>
Test time =   0.00 sec
----------------------------------------------------------
Test Passed.
"check" end time: May 31 18:55 MSK
"check" time elapsed: 00:00:00
----------------------------------------------------------

End testing: May 31 18:55 MSK
